[03:47:32] [ServerMain/INFO]: [bootstrap] Running Java 21 (OpenJDK 64-Bit Server VM 21.0.10+7-Ubuntu-124.04; Ubuntu null) on Linux 6.8.0-1030-azure (amd64)
[03:47:32] [ServerMain/INFO]: [bootstrap] Loading Paper 1.21.11-99-main@81b9122 (2026-01-20T19:08:30Z) for Minecraft 1.21.11
[03:47:32] [ServerMain/INFO]: [PluginInitializerManager] Initializing plugins...
[03:47:33] [ServerMain/INFO]: [PluginInitializerManager] Initialized 5 plugins
[03:47:33] [ServerMain/INFO]: [PluginInitializerManager] Bukkit plugins (5):
 - Geyser-Spigot (2.9.3-SNAPSHOT), SkinsRestorer (15.10.0), ViaBackwards (5.7.1), ViaVersion (5.7.1), floodgate (2.2.4-SNAPSHOT (b118-40d320a))
[03:47:38] [ServerMain/INFO]: Environment: Environment[sessionHost=https://sessionserver.mojang.com, servicesHost=https://api.minecraftservices.com, profilesHost=https://api.mojang.com, name=PROD]
[03:47:40] [ServerMain/INFO]: Loaded 1470 recipes
[03:47:40] [ServerMain/INFO]: Loaded 1584 advancements
[03:47:40] [ServerMain/INFO]: [ca.spottedleaf.dataconverter.minecraft.datatypes.MCTypeRegistry] Initialising converters for DataConverter...
[03:47:40] [ServerMain/INFO]: [ca.spottedleaf.dataconverter.minecraft.datatypes.MCTypeRegistry] Finished initialising converters for DataConverter in 462.7ms
[03:47:40] [Server thread/INFO]: Starting minecraft server version 1.21.11
[03:47:40] [Server thread/INFO]: Loading properties
[03:47:41] [Server thread/INFO]: This server is running Paper version 1.21.11-99-main@81b9122 (2026-01-20T19:08:30Z) (Implementing API version 1.21.11-R0.1-SNAPSHOT)
[03:47:41] [Server thread/INFO]: [spark] This server bundles the spark profiler. For more information please visit https://docs.papermc.io/paper/profiling
[03:47:41] [Server thread/INFO]: Server Ping Player Sample Count: 12
[03:47:41] [Server thread/INFO]: Using 4 threads for Netty based IO
[03:47:43] [Server thread/INFO]: [MoonriseCommon] Paper is using 1 worker threads, 1 I/O threads
[03:47:43] [Server thread/INFO]: Default game type: SURVIVAL
[03:47:43] [Server thread/INFO]: Generating keypair
[03:47:43] [Server thread/INFO]: Starting Minecraft server on *:25565
[03:47:43] [Server thread/INFO]: Paper: Using libdeflate (Linux x86_64) compression from Velocity.
[03:47:43] [Server thread/INFO]: Paper: Using OpenSSL 3.x.x (Linux x86_64) cipher from Velocity.
[03:47:44] [Server thread/INFO]: [ViaVersion] Loading server plugin ViaVersion v5.7.1
[03:47:44] [Server thread/INFO]: [ViaVersion] ViaVersion 5.7.1 is now loaded. Registering protocol transformers and injecting...
[03:47:45] [Via-Mappingloader-1/INFO]: [ViaVersion] Loading block connection mappings ...
[03:47:45] [Via-Mappingloader-1/INFO]: [ViaVersion] Using FastUtil Long2ObjectOpenHashMap for block connections
[03:47:45] [Server thread/INFO]: [ViaBackwards] Loading translations...
[03:47:45] [Server thread/INFO]: [ViaBackwards] Registering protocols...
[03:47:46] [Server thread/INFO]: [floodgate] Loading server plugin floodgate v2.2.4-SNAPSHOT (b118-40d320a)
[03:47:47] [Server thread/WARN]: [floodgate] en_ is not a supported Floodgate language.
[03:47:47] [Server thread/INFO]: [floodgate] Took 794ms to boot Floodgate
[03:47:47] [Server thread/INFO]: [ViaBackwards] Loading server plugin ViaBackwards v5.7.1
[03:47:47] [Server thread/INFO]: [SkinsRestorer] Loading server plugin SkinsRestorer v15.10.0
[03:47:47] [Server thread/INFO]: [Geyser-Spigot] Loading server plugin Geyser-Spigot v2.9.3-SNAPSHOT
[03:47:47] [Server thread/INFO]: [Geyser-Spigot] Loading extensions...
[03:47:47] [Server thread/INFO]: [Geyser-Spigot] Loaded 0 extension(s)
[03:47:47] [Server thread/INFO]: Server permissions file permissions.yml is empty, ignoring it
[03:47:47] [Server thread/INFO]: [SkinsRestorer] Enabling SkinsRestorer v15.10.0
[03:47:48] [Server thread/INFO]: [SkinsRestorer] Running on Minecraft 1.21.11.
[03:47:48] [Server thread/INFO]: [SkinsRestorer] Floodgate skin listener registered
[03:47:49] [Server thread/INFO]: [SkinsRestorer] Using paper join listener!
[03:47:49] [Server thread/WARN]: **** SERVER IS RUNNING IN OFFLINE/INSECURE MODE!
[03:47:49] [Server thread/WARN]: The server will make no attempt to authenticate usernames. Beware.
[03:47:49] [Server thread/WARN]: While this makes the game possible to play without internet access, it also opens up the ability for hackers to connect with any username they choose.
[03:47:49] [Server thread/WARN]: To change this, set "online-mode" to "true" in the server.properties file.
[03:47:49] [Server thread/INFO]: Preparing level "world"
[03:47:49] [Folia Async Scheduler Thread #1/INFO]: [SkinsRestorer] ----------------------------------------------
[03:47:49] [Folia Async Scheduler Thread #1/INFO]: [SkinsRestorer]     +==================+
[03:47:49] [Folia Async Scheduler Thread #1/INFO]: [SkinsRestorer]     |   SkinsRestorer  |
[03:47:49] [Folia Async Scheduler Thread #1/INFO]: [SkinsRestorer]     |------------------|
[03:47:49] [Folia Async Scheduler Thread #1/INFO]: [SkinsRestorer]     |  Standalone Mode |
[03:47:49] [Folia Async Scheduler Thread #1/INFO]: [SkinsRestorer]     +==================+
[03:47:49] [Folia Async Scheduler Thread #1/INFO]: [SkinsRestorer] ----------------------------------------------
[03:47:49] [Folia Async Scheduler Thread #1/INFO]: [SkinsRestorer]     Version: 15.10.0
[03:47:49] [Folia Async Scheduler Thread #1/INFO]: [SkinsRestorer]     Commit: fcb9320
[03:47:49] [Folia Async Scheduler Thread #1/INFO]: [SkinsRestorer]     This is the latest version!
[03:47:49] [Folia Async Scheduler Thread #1/INFO]: [SkinsRestorer] ----------------------------------------------
[03:47:49] [Folia Async Scheduler Thread #1/INFO]: [SkinsRestorer] Do you have issues? Read our troubleshooting guide: https://skinsrestorer.net/docs/troubleshooting
[03:47:49] [Folia Async Scheduler Thread #1/INFO]: [SkinsRestorer] Want to support SkinsRestorer? Consider donating: https://skinsrestorer.net/donate
[03:47:49] [Server thread/INFO]: [ca.spottedleaf.moonrise.common.util.MoonriseConstants] NUMA enable flag is not set; however there is NUMA interaction support for this OS.
[03:47:49] [Server thread/INFO]: [ca.spottedleaf.moonrise.common.util.MoonriseConstants] Detected 1 NUMA nodes.
[03:47:49] [Server thread/INFO]: Loading 0 persistent chunks for world 'minecraft:overworld'...
[03:47:49] [Server thread/INFO]: Prepared spawn area in 4 ms
[03:47:49] [Server thread/INFO]: Loading 0 persistent chunks for world 'minecraft:the_nether'...
[03:47:49] [Server thread/INFO]: Prepared spawn area in 7 ms
[03:47:49] [Server thread/INFO]: Loading 0 persistent chunks for world 'minecraft:the_end'...
[03:47:49] [Server thread/INFO]: Preparing spawn area: 100%
[03:47:49] [Server thread/INFO]: Prepared spawn area in 4 ms
[03:47:49] [Server thread/INFO]: Done preparing level "world" (0.710s)
[03:47:49] [Server thread/INFO]: [ViaVersion] Enabling ViaVersion v5.7.1
[03:47:49] [Server thread/INFO]: [ViaVersion] ViaVersion detected server version: 1.21.11 (774)
[03:47:49] [Server thread/INFO]: [floodgate] Enabling floodgate v2.2.4-SNAPSHOT (b118-40d320a)
[03:47:50] [Server thread/WARN]: [floodgate] "floodgate v2.2.4-SNAPSHOT (b118-40d320a)" has registered a listener for org.spigotmc.event.player.PlayerSpawnLocationEvent on method "void org.geysermc.floodgate.shadow.org.incendo.cloud.bukkit.CloudBukkitListener.onPlayerLogin(org.spigotmc.event.player.PlayerSpawnLocationEvent)", but the event is Deprecated. "Listening to this event causes the player to be created early. Using the player from this event will result in undefined behavior. Prefer AsyncPlayerSpawnLocationEvent."; please notify the authors [GeyserMC].
[03:47:50] [Server thread/INFO]: [ViaBackwards] Enabling ViaBackwards v5.7.1
[03:47:50] [Server thread/INFO]: [Geyser-Spigot] Enabling Geyser-Spigot v2.9.3-SNAPSHOT
[03:47:51] [Server thread/INFO]: [spark] Starting background profiler...
[03:47:52] [Server thread/INFO]: [Geyser-Spigot] ******************************************
[03:47:52] [Server thread/INFO]: [Geyser-Spigot] 
[03:47:52] [Server thread/INFO]: [Geyser-Spigot] Loading Geyser version 2.9.3-b1065 (git-master-15a7df7)
[03:47:52] [Server thread/INFO]: [Geyser-Spigot] 
[03:47:52] [Server thread/INFO]: [Geyser-Spigot] ******************************************
[03:47:56] [GeyserServer-3-1/INFO]: [Geyser-Spigot] Started Geyser on UDP port 1379
[03:47:56] [Server thread/INFO]: [Geyser-Spigot] Done (4.247s)! Run /geyser help for help!
[03:47:56] [Server thread/INFO]: Running delayed init tasks
[03:47:56] [Server thread/INFO]: Done (24.833s)! For help, type "help"
[03:47:56] [Craft Scheduler Thread - 2 - ViaVersion/INFO]: [ViaVersion] Finished mapping loading, shutting down loader executor.
[03:47:56] [Paper Async Task Handler Thread - 1/INFO]: *** Currently you are 16 build(s) behind ***
[03:47:56] [Paper Async Task Handler Thread - 1/INFO]: *** It is highly recommended to download the latest build from https://papermc.io/downloads/paper ***
[03:48:12] [User Authenticator #0/INFO]: UUID of player yon_05 is 72af7eaf-633f-3b45-8b6c-e9653f394461
[03:48:14] [Server thread/INFO]: yon_05 joined the game
[03:48:14] [Server thread/INFO]: yon_05[/127.5.46.119:60177] logged in with entity id 1 at ([world]-1396.300000011921, 72.0, 2129.514971956867)
[04:39:30] [Server thread/INFO]: yon_05 fell from a high place
